<?xml version="1.0" encoding="UTF-8"?>
<!-- Generated by org.testng.reporters.JUnitReportReporter -->
<testsuite hostname="DESKTOP-VFB79Q5" failures="0" tests="1" name="banka_test.AccountTest" time="0.003" errors="0" timestamp="2020-03-26T21:33:44 CET" skipped="0">
  <testcase classname="banka_test.AccountTest" name="testKonstruktor" time="0.003"/>
  <system-out/>
</testsuite> <!-- banka_test.AccountTest -->
