<?xml version="1.0" encoding="UTF-8"?>
<!-- Generated by org.testng.reporters.JUnitReportReporter -->
<testsuite hostname="DESKTOP-VFB79Q5" failures="0" tests="1" name="banka_test.Account_test" time="0.019" errors="0" timestamp="2020-03-24T21:48:42 CET" skipped="0">
  <testcase classname="banka_test.Account_test" name="testKonstruktor" time="0.019"/>
  <system-out/>
</testsuite> <!-- banka_test.Account_test -->
